2024-02-01T11:44:25.283-03:00  INFO 7648 --- [main] c.v.t.c.aem.indexer.TurAemApplication    : Starting TurAemApplication using Java 21.0.1 with PID 7648 (D:\Git\viglet\turing\turing\turing-aem\aem-web-indexer\target\classes started by alexa in D:\Git\viglet\turing\turing\turing-aem\aem-web-indexer)
2024-02-01T11:44:25.285-03:00  INFO 7648 --- [main] c.v.t.c.aem.indexer.TurAemApplication    : No active profile set, falling back to 1 default profile: "default"
2024-02-01T11:44:26.035-03:00  INFO 7648 --- [main] .s.d.r.c.RepositoryConfigurationDelegate : Bootstrapping Spring Data JPA repositories in DEFAULT mode.
2024-02-01T11:44:26.103-03:00  INFO 7648 --- [main] .s.d.r.c.RepositoryConfigurationDelegate : Finished Spring Data repository scanning in 59 ms. Found 2 JPA repository interfaces.
2024-02-01T11:44:26.701-03:00  INFO 7648 --- [main] o.s.b.w.embedded.tomcat.TomcatWebServer  : Tomcat initialized with port 8080 (http)
2024-02-01T11:44:26.713-03:00  INFO 7648 --- [main] o.apache.catalina.core.StandardService   : Starting service [Tomcat]
2024-02-01T11:44:26.714-03:00  INFO 7648 --- [main] o.apache.catalina.core.StandardEngine    : Starting Servlet engine: [Apache Tomcat/10.1.18]
2024-02-01T11:44:26.840-03:00  INFO 7648 --- [main] o.a.c.c.C.[Tomcat].[localhost].[/]       : Initializing Spring embedded WebApplicationContext
2024-02-01T11:44:26.840-03:00  INFO 7648 --- [main] w.s.c.ServletWebServerApplicationContext : Root WebApplicationContext: initialization completed in 1497 ms
2024-02-01T11:44:26.879-03:00  INFO 7648 --- [main] com.zaxxer.hikari.HikariDataSource       : HikariPool-1 - Starting...
2024-02-01T11:44:27.155-03:00  INFO 7648 --- [main] com.zaxxer.hikari.pool.HikariPool        : HikariPool-1 - Added connection conn0: url=jdbc:h2:file:./store/db/turAemIndexerDB user=SA
2024-02-01T11:44:27.157-03:00  INFO 7648 --- [main] com.zaxxer.hikari.HikariDataSource       : HikariPool-1 - Start completed.
2024-02-01T11:44:27.176-03:00  INFO 7648 --- [main] o.s.b.a.h2.H2ConsoleAutoConfiguration    : H2 console available at '/h2'. Database available at 'jdbc:h2:file:./store/db/turAemIndexerDB'
2024-02-01T11:44:27.352-03:00  INFO 7648 --- [main] o.hibernate.jpa.internal.util.LogHelper  : HHH000204: Processing PersistenceUnitInfo [name: default]
2024-02-01T11:44:27.436-03:00  INFO 7648 --- [main] org.hibernate.Version                    : HHH000412: Hibernate ORM core version 6.4.1.Final
2024-02-01T11:44:27.480-03:00  INFO 7648 --- [main] o.h.c.internal.RegionFactoryInitiator    : HHH000026: Second-level cache disabled
2024-02-01T11:44:27.737-03:00  INFO 7648 --- [main] o.s.o.j.p.SpringPersistenceUnitInfo      : No LoadTimeWeaver setup: ignoring JPA class transformer
2024-02-01T11:44:27.783-03:00  WARN 7648 --- [main] org.hibernate.orm.deprecation            : HHH90000025: H2Dialect does not need to be specified explicitly using 'hibernate.dialect' (remove the property setting and it will be selected by default)
2024-02-01T11:44:28.602-03:00  INFO 7648 --- [main] o.h.e.t.j.p.i.JtaPlatformInitiator       : HHH000489: No JTA platform available (set 'hibernate.transaction.jta.platform' to enable JTA platform integration)
2024-02-01T11:44:28.681-03:00  INFO 7648 --- [main] j.LocalContainerEntityManagerFactoryBean : Initialized JPA EntityManagerFactory for persistence unit 'default'
2024-02-01T11:44:29.106-03:00  WARN 7648 --- [main] JpaBaseConfiguration$JpaWebConfiguration : spring.jpa.open-in-view is enabled by default. Therefore, database queries may be performed during view rendering. Explicitly configure spring.jpa.open-in-view to disable this warning
2024-02-01T11:44:29.452-03:00  INFO 7648 --- [main] o.s.b.w.embedded.tomcat.TomcatWebServer  : Tomcat started on port 8080 (http) with context path ''
2024-02-01T11:44:29.460-03:00  INFO 7648 --- [main] c.v.t.c.aem.indexer.TurAemApplication    : Started TurAemApplication in 4.787 seconds (process running for 5.236)
